<?xml version="1.0" encoding="UTF-8"?>
<testsuite name="TriangleTest" tests="5" skipped="0" failures="0" errors="0" timestamp="2016-02-15T18:54:07" hostname="epicodus-62.local" time="0.004">
  <properties/>
  <testcase name="newTriangle_isTriangle" classname="TriangleTest" time="0.001"/>
  <testcase name="newTriangle_isNotTriangle" classname="TriangleTest" time="0.001"/>
  <testcase name="newTriangle_isEquilateral" classname="TriangleTest" time="0.001"/>
  <testcase name="newTriangle_isScalene" classname="TriangleTest" time="0.0"/>
  <testcase name="newTriangle_isIsosceles" classname="TriangleTest" time="0.0"/>
  <system-out><![CDATA[]]></system-out>
  <system-err><![CDATA[]]></system-err>
</testsuite>
