<?xml version="1.0" encoding="UTF-8"?>
<testsuite name="RectangleTest" tests="3" skipped="0" failures="0" errors="0" timestamp="2016-02-15T18:54:07" hostname="epicodus-62.local" time="0.005">
  <properties/>
  <testcase name="isSquare_whenASquare_true" classname="RectangleTest" time="0.001"/>
  <testcase name="newRectangle_instantiatesCorrectly" classname="RectangleTest" time="0.002"/>
  <testcase name="isSquare_whenNotASquare_false" classname="RectangleTest" time="0.001"/>
  <system-out><![CDATA[]]></system-out>
  <system-err><![CDATA[]]></system-err>
</testsuite>
